<?xml version="1.0" encoding="UTF-8"?>
<!-- Generated by org.testng.reporters.JUnitReportReporter -->
<testsuite skipped="0" hostname="DESKTOP-KIR2APT" name="trivago.ChromeConfigureRegister" tests="4" failures="0" timestamp="2020-03-11T17:19:44 IST" time="2.572" errors="0">
  <testcase name="clickonlogin" time="1.563" classname="trivago.ChromeConfigureRegister"/>
  <testcase name="createaccount" time="0.099" classname="trivago.ChromeConfigureRegister"/>
  <testcase name="addcredentials" time="0.177" classname="trivago.ChromeConfigureRegister"/>
  <testcase name="register" time="0.733" classname="trivago.ChromeConfigureRegister"/>
</testsuite> <!-- trivago.ChromeConfigureRegister -->
