<?xml version="1.0" encoding="UTF-8"?>
<!-- Generated by org.testng.reporters.JUnitReportReporter -->
<testsuite skipped="0" hostname="DESKTOP-KIR2APT" name="trivago.ChromeConfiguration" tests="4" failures="0" timestamp="2020-02-26T19:39:54 IST" time="3.272" errors="0">
  <testcase name="clickonlogin" time="1.910" classname="trivago.ChromeConfiguration"/>
  <testcase name="createaccount" time="0.066" classname="trivago.ChromeConfiguration"/>
  <testcase name="addcredentials" time="0.184" classname="trivago.ChromeConfiguration"/>
  <testcase name="register" time="1.112" classname="trivago.ChromeConfiguration"/>
</testsuite> <!-- trivago.ChromeConfiguration -->
